Flow report for solo
Tue Aug 13 20:03:34 2019
Quartus II 64-Bit Version 9.0 Build 132 02/25/2009 SJ Full Version


---------------------
; Table of Contents ;
---------------------
  1. Legal Notice
  2. Flow Summary
  3. Flow Settings
  4. Flow Non-Default Global Settings
  5. Flow Elapsed Time
  6. Flow OS Summary
  7. Flow Log



----------------
; Legal Notice ;
----------------
Copyright (C) 1991-2009 Altera Corporation
Your use of Altera Corporation's design tools, logic functions 
and other software and tools, and its AMPP partner logic 
functions, and any output files from any of the foregoing 
(including device programming or simulation files), and any 
associated documentation or information are expressly subject 
to the terms and conditions of the Altera Program License 
Subscription Agreement, Altera MegaCore Function License 
Agreement, or other applicable license agreement, including, 
without limitation, that your use is for the sole purpose of 
programming logic devices manufactured by Altera and sold by 
Altera or its authorized distributors.  Please refer to the 
applicable agreement for further details.



+-------------------------------------------------------------------------------+
; Flow Summary                                                                  ;
+------------------------------------+------------------------------------------+
; Flow Status                        ; Successful - Tue Aug 13 20:03:34 2019    ;
; Quartus II 64-Bit Version          ; 9.0 Build 132 02/25/2009 SJ Full Version ;
; Revision Name                      ; solo                                     ;
; Top-level Entity Name              ; solo                                     ;
; Family                             ; Cyclone II                               ;
; Device                             ; EP2C5T144I8                              ;
; Timing Models                      ; Final                                    ;
; Met timing requirements            ; Yes                                      ;
; Total logic elements               ; 700 / 4,608 ( 15 % )                     ;
;     Total combinational functions  ; 680 / 4,608 ( 15 % )                     ;
;     Dedicated logic registers      ; 430 / 4,608 ( 9 % )                      ;
; Total registers                    ; 430                                      ;
; Total pins                         ; 72 / 89 ( 81 % )                         ;
; Total virtual pins                 ; 0                                        ;
; Total memory bits                  ; 105,472 / 119,808 ( 88 % )               ;
; Embedded Multiplier 9-bit elements ; 0 / 26 ( 0 % )                           ;
; Total PLLs                         ; 1 / 2 ( 50 % )                           ;
+------------------------------------+------------------------------------------+


+-----------------------------------------+
; Flow Settings                           ;
+-------------------+---------------------+
; Option            ; Setting             ;
+-------------------+---------------------+
; Start date & time ; 08/13/2019 20:03:23 ;
; Main task         ; Compilation         ;
; Revision Name     ; solo                ;
+-------------------+---------------------+


+----------------------------------------------------------------------------------------------------------------------------------------------+
; Flow Non-Default Global Settings                                                                                                             ;
+-----------------------------------------+------------------------------------+--------------------------------+-------------+----------------+
; Assignment Name                         ; Value                              ; Default Value                  ; Entity Name ; Section Id     ;
+-----------------------------------------+------------------------------------+--------------------------------+-------------+----------------+
; COMPILER_SIGNATURE_ID                   ; 180649680395086.156571580307012    ; --                             ; --          ; --             ;
; FITTER_AUTO_EFFORT_DESIRED_SLACK_MARGIN ; 0 us                               ; 0 ns                           ; --          ; --             ;
; FIT_ONLY_ONE_ATTEMPT                    ; On                                 ; Off                            ; --          ; --             ;
; FMAX_REQUIREMENT                        ; 160 MHz                            ; --                             ; --          ; --             ;
; INCREMENTAL_COMPILATION                 ; Off                                ; FULL_INCREMENTAL_COMPILATION   ; --          ; --             ;
; IP_TOOL_NAME                            ; FIFO                               ; --                             ; --          ; --             ;
; IP_TOOL_NAME                            ; FIFO                               ; --                             ; --          ; --             ;
; IP_TOOL_NAME                            ; ALTPLL                             ; --                             ; --          ; --             ;
; IP_TOOL_VERSION                         ; 9.1                                ; --                             ; --          ; --             ;
; IP_TOOL_VERSION                         ; 9.1                                ; --                             ; --          ; --             ;
; IP_TOOL_VERSION                         ; 9.1                                ; --                             ; --          ; --             ;
; MAX_CORE_JUNCTION_TEMP                  ; 125                                ; --                             ; --          ; --             ;
; MIN_CORE_JUNCTION_TEMP                  ; -40                                ; --                             ; --          ; --             ;
; MISC_FILE                               ; C:/Work/SOLO2/plis1_fw/solo.dpf    ; --                             ; --          ; --             ;
; MISC_FILE                               ; C:/Work/SOLO2/plis2_fw/solo.dpf    ; --                             ; --          ; --             ;
; MISC_FILE                               ; fifotimer.bsf                      ; --                             ; --          ; --             ;
; MISC_FILE                               ; fifotimer_inst.v                   ; --                             ; --          ; --             ;
; MISC_FILE                               ; fifotimer_bb.v                     ; --                             ; --          ; --             ;
; MISC_FILE                               ; myfiforam.bsf                      ; --                             ; --          ; --             ;
; MISC_FILE                               ; myfiforam_bb.v                     ; --                             ; --          ; --             ;
; MISC_FILE                               ; pllgen.bsf                         ; --                             ; --          ; --             ;
; MISC_FILE                               ; pllgen_bb.v                        ; --                             ; --          ; --             ;
; MISC_FILE                               ; pllgen.ppf                         ; --                             ; --          ; --             ;
; MISC_FILE                               ; D:/work/OLO/PLIS/plis2_fw/solo.dpf ; --                             ; --          ; --             ;
; NUM_PARALLEL_PROCESSORS                 ; All                                ; --                             ; --          ; --             ;
; OPTIMIZE_HOLD_TIMING                    ; All Paths                          ; IO Paths and Minimum TPD Paths ; --          ; --             ;
; OUTPUT_PIN_LOAD                         ; 20                                 ; --                             ; --          ; 3.3-V LVCMOS   ;
; PARTITION_COLOR                         ; 16764057                           ; --                             ; --          ; Top            ;
; PARTITION_NETLIST_TYPE                  ; SOURCE                             ; --                             ; --          ; Top            ;
; SEED                                    ; 10                                 ; 1                              ; --          ; --             ;
; USE_GENERATED_PHYSICAL_CONSTRAINTS      ; Off                                ; --                             ; --          ; eda_blast_fpga ;
+-----------------------------------------+------------------------------------+--------------------------------+-------------+----------------+


+-----------------------------------------------------------------------------------------------------------------------------+
; Flow Elapsed Time                                                                                                           ;
+-------------------------+--------------+-------------------------+---------------------+------------------------------------+
; Module Name             ; Elapsed Time ; Average Processors Used ; Peak Virtual Memory ; Total CPU Time (on all processors) ;
+-------------------------+--------------+-------------------------+---------------------+------------------------------------+
; Analysis & Synthesis    ; 00:00:03     ; 1.0                     ; 4462 MB             ; 00:00:03                           ;
; Fitter                  ; 00:00:03     ; 1.4                     ; 4512 MB             ; 00:00:03                           ;
; Assembler               ; 00:00:01     ; 1.0                     ; 4395 MB             ; 00:00:01                           ;
; Classic Timing Analyzer ; 00:00:00     ; 1.0                     ; 4384 MB             ; 00:00:00                           ;
; Total                   ; 00:00:07     ; --                      ; --                  ; 00:00:07                           ;
+-------------------------+--------------+-------------------------+---------------------+------------------------------------+


+------------------------------------------------------------------------------------------+
; Flow OS Summary                                                                          ;
+-------------------------+------------------+---------------+------------+----------------+
; Module Name             ; Machine Hostname ; OS Name       ; OS Version ; Processor type ;
+-------------------------+------------------+---------------+------------+----------------+
; Analysis & Synthesis    ; dk-dell          ; Windows Vista ; 6.2        ; x86_64         ;
; Fitter                  ; dk-dell          ; Windows Vista ; 6.2        ; x86_64         ;
; Assembler               ; dk-dell          ; Windows Vista ; 6.2        ; x86_64         ;
; Classic Timing Analyzer ; dk-dell          ; Windows Vista ; 6.2        ; x86_64         ;
+-------------------------+------------------+---------------+------------+----------------+


------------
; Flow Log ;
------------
quartus_map --read_settings_files=on --write_settings_files=off solo -c solo
quartus_fit --read_settings_files=off --write_settings_files=off solo -c solo
quartus_asm --read_settings_files=off --write_settings_files=off solo -c solo
quartus_tan --read_settings_files=off --write_settings_files=off solo -c solo --timing_analysis_only



